c:\users\wuyij\documents\github\graphics-application-for-coursework\directxcoursework\directxcoursework\x64\debug\vc143.pdb
c:\users\wuyij\documents\github\graphics-application-for-coursework\directxcoursework\directxcoursework\x64\debug\vc143.idb
c:\users\wuyij\documents\github\graphics-application-for-coursework\directxcoursework\directxcoursework\x64\debug\window.obj
c:\users\wuyij\documents\github\graphics-application-for-coursework\directxcoursework\directxcoursework\x64\debug\main.obj
c:\users\wuyij\documents\github\graphics-application-for-coursework\directxcoursework\directxcoursework\x64\debug\appwindow.obj
c:\users\wuyij\documents\github\graphics-application-for-coursework\directxcoursework\directxcoursework\x64\debug\graphicsengine.obj
c:\users\wuyij\documents\github\graphics-application-for-coursework\directxcoursework\directxcoursework\x64\debug\directxcoursework.ilk
c:\users\wuyij\documents\github\graphics-application-for-coursework\directxcoursework\x64\debug\directxcoursework.exe
c:\users\wuyij\documents\github\graphics-application-for-coursework\directxcoursework\x64\debug\directxcoursework.pdb
c:\users\wuyij\documents\github\graphics-application-for-coursework\directxcoursework\directxcoursework\x64\debug\directxc.2f82d21b.tlog\cl.command.1.tlog
c:\users\wuyij\documents\github\graphics-application-for-coursework\directxcoursework\directxcoursework\x64\debug\directxc.2f82d21b.tlog\cl.items.tlog
c:\users\wuyij\documents\github\graphics-application-for-coursework\directxcoursework\directxcoursework\x64\debug\directxc.2f82d21b.tlog\cl.read.1.tlog
c:\users\wuyij\documents\github\graphics-application-for-coursework\directxcoursework\directxcoursework\x64\debug\directxc.2f82d21b.tlog\cl.write.1.tlog
c:\users\wuyij\documents\github\graphics-application-for-coursework\directxcoursework\directxcoursework\x64\debug\directxc.2f82d21b.tlog\link-cvtres.read.1.tlog
c:\users\wuyij\documents\github\graphics-application-for-coursework\directxcoursework\directxcoursework\x64\debug\directxc.2f82d21b.tlog\link-cvtres.write.1.tlog
c:\users\wuyij\documents\github\graphics-application-for-coursework\directxcoursework\directxcoursework\x64\debug\directxc.2f82d21b.tlog\link-rc.read.1.tlog
c:\users\wuyij\documents\github\graphics-application-for-coursework\directxcoursework\directxcoursework\x64\debug\directxc.2f82d21b.tlog\link-rc.write.1.tlog
c:\users\wuyij\documents\github\graphics-application-for-coursework\directxcoursework\directxcoursework\x64\debug\directxc.2f82d21b.tlog\link.34996-cvtres.read.1.tlog
c:\users\wuyij\documents\github\graphics-application-for-coursework\directxcoursework\directxcoursework\x64\debug\directxc.2f82d21b.tlog\link.34996-cvtres.write.1.tlog
c:\users\wuyij\documents\github\graphics-application-for-coursework\directxcoursework\directxcoursework\x64\debug\directxc.2f82d21b.tlog\link.34996-rc.read.1.tlog
c:\users\wuyij\documents\github\graphics-application-for-coursework\directxcoursework\directxcoursework\x64\debug\directxc.2f82d21b.tlog\link.34996-rc.write.1.tlog
c:\users\wuyij\documents\github\graphics-application-for-coursework\directxcoursework\directxcoursework\x64\debug\directxc.2f82d21b.tlog\link.34996.read.1.tlog
c:\users\wuyij\documents\github\graphics-application-for-coursework\directxcoursework\directxcoursework\x64\debug\directxc.2f82d21b.tlog\link.34996.read.2.tlog
c:\users\wuyij\documents\github\graphics-application-for-coursework\directxcoursework\directxcoursework\x64\debug\directxc.2f82d21b.tlog\link.34996.read.3.tlog
c:\users\wuyij\documents\github\graphics-application-for-coursework\directxcoursework\directxcoursework\x64\debug\directxc.2f82d21b.tlog\link.34996.read.4.tlog
c:\users\wuyij\documents\github\graphics-application-for-coursework\directxcoursework\directxcoursework\x64\debug\directxc.2f82d21b.tlog\link.34996.write.1.tlog
c:\users\wuyij\documents\github\graphics-application-for-coursework\directxcoursework\directxcoursework\x64\debug\directxc.2f82d21b.tlog\link.command.1.tlog
c:\users\wuyij\documents\github\graphics-application-for-coursework\directxcoursework\directxcoursework\x64\debug\directxc.2f82d21b.tlog\link.read.1.tlog
c:\users\wuyij\documents\github\graphics-application-for-coursework\directxcoursework\directxcoursework\x64\debug\directxc.2f82d21b.tlog\link.read.2.tlog
c:\users\wuyij\documents\github\graphics-application-for-coursework\directxcoursework\directxcoursework\x64\debug\directxc.2f82d21b.tlog\link.read.3.tlog
c:\users\wuyij\documents\github\graphics-application-for-coursework\directxcoursework\directxcoursework\x64\debug\directxc.2f82d21b.tlog\link.read.4.tlog
c:\users\wuyij\documents\github\graphics-application-for-coursework\directxcoursework\directxcoursework\x64\debug\directxc.2f82d21b.tlog\link.read.5.tlog
c:\users\wuyij\documents\github\graphics-application-for-coursework\directxcoursework\directxcoursework\x64\debug\directxc.2f82d21b.tlog\link.write.1.tlog
